2022-04-18 16:45:43.633  INFO 12493 --- [restartedMain] c.r.admin.RozemartBackEndApplication     : Starting RozemartBackEndApplication using Java 11.0.14.1 on firoze with PID 12493 (/media/firoze/7416AE6316AE2658/Eclipse Workspace/RozeMart/RozemartWebParent/RozemartBackEnd/target/classes started by firoze in /media/firoze/7416AE6316AE2658/Eclipse Workspace/RozeMart/RozemartWebParent/RozemartBackEnd)
2022-04-18 16:45:43.634  INFO 12493 --- [restartedMain] c.r.admin.RozemartBackEndApplication     : No active profile set, falling back to default profiles: default
2022-04-18 16:45:43.703  INFO 12493 --- [restartedMain] .e.DevToolsPropertyDefaultsPostProcessor : Devtools property defaults active! Set 'spring.devtools.add-properties' to 'false' to disable
2022-04-18 16:45:43.703  INFO 12493 --- [restartedMain] .e.DevToolsPropertyDefaultsPostProcessor : For additional web related logging consider setting the 'logging.level.web' property to 'DEBUG'
2022-04-18 16:45:44.675  INFO 12493 --- [restartedMain] .s.d.r.c.RepositoryConfigurationDelegate : Bootstrapping Spring Data JPA repositories in DEFAULT mode.
2022-04-18 16:45:44.761  INFO 12493 --- [restartedMain] .s.d.r.c.RepositoryConfigurationDelegate : Finished Spring Data repository scanning in 73 ms. Found 2 JPA repository interfaces.
2022-04-18 16:45:45.570  INFO 12493 --- [restartedMain] o.s.b.w.embedded.tomcat.TomcatWebServer  : Tomcat initialized with port(s): 8080 (http)
2022-04-18 16:45:45.580  INFO 12493 --- [restartedMain] o.apache.catalina.core.StandardService   : Starting service [Tomcat]
2022-04-18 16:45:45.581  INFO 12493 --- [restartedMain] org.apache.catalina.core.StandardEngine  : Starting Servlet engine: [Apache Tomcat/9.0.56]
2022-04-18 16:45:45.663  INFO 12493 --- [restartedMain] o.a.c.c.C.[.[.[/RozemartAdmin]           : Initializing Spring embedded WebApplicationContext
2022-04-18 16:45:45.664  INFO 12493 --- [restartedMain] w.s.c.ServletWebServerApplicationContext : Root WebApplicationContext: initialization completed in 1960 ms
2022-04-18 16:45:45.751  WARN 12493 --- [restartedMain] o.a.c.c.C.[.[.[/RozemartAdmin]           : Cannot deserialize session attribute [SPRING_SECURITY_CONTEXT] for session [CC5D6321DFEC2FC363CA02885302B38F]
2022-04-18 16:45:45.944  INFO 12493 --- [restartedMain] o.hibernate.jpa.internal.util.LogHelper  : HHH000204: Processing PersistenceUnitInfo [name: default]
2022-04-18 16:45:46.018  INFO 12493 --- [restartedMain] org.hibernate.Version                    : HHH000412: Hibernate ORM core version 5.6.4.Final
2022-04-18 16:45:46.215  INFO 12493 --- [restartedMain] o.hibernate.annotations.common.Version   : HCANN000001: Hibernate Commons Annotations {5.1.2.Final}
2022-04-18 16:45:46.365  INFO 12493 --- [restartedMain] com.zaxxer.hikari.HikariDataSource       : HikariPool-1 - Starting...
2022-04-18 16:45:46.648  INFO 12493 --- [restartedMain] com.zaxxer.hikari.HikariDataSource       : HikariPool-1 - Start completed.
2022-04-18 16:45:46.668  INFO 12493 --- [restartedMain] org.hibernate.dialect.Dialect            : HHH000400: Using dialect: org.hibernate.dialect.MySQL8Dialect
2022-04-18 16:45:47.570  INFO 12493 --- [restartedMain] o.h.e.t.j.p.i.JtaPlatformInitiator       : HHH000490: Using JtaPlatform implementation: [org.hibernate.engine.transaction.jta.platform.internal.NoJtaPlatform]
2022-04-18 16:45:47.583  INFO 12493 --- [restartedMain] j.LocalContainerEntityManagerFactoryBean : Initialized JPA EntityManagerFactory for persistence unit 'default'
2022-04-18 16:45:47.668  WARN 12493 --- [restartedMain] JpaBaseConfiguration$JpaWebConfiguration : spring.jpa.open-in-view is enabled by default. Therefore, database queries may be performed during view rendering. Explicitly configure spring.jpa.open-in-view to disable this warning
2022-04-18 16:45:48.476  INFO 12493 --- [restartedMain] o.s.s.web.DefaultSecurityFilterChain     : Will secure Ant [pattern='/images/**'] with []
2022-04-18 16:45:48.477  INFO 12493 --- [restartedMain] o.s.s.web.DefaultSecurityFilterChain     : Will secure Ant [pattern='/js/**'] with []
2022-04-18 16:45:48.477  INFO 12493 --- [restartedMain] o.s.s.web.DefaultSecurityFilterChain     : Will secure Ant [pattern='/webjars/**'] with []
2022-04-18 16:45:48.558  INFO 12493 --- [restartedMain] o.s.s.web.DefaultSecurityFilterChain     : Will secure any request with [org.springframework.security.web.context.request.async.WebAsyncManagerIntegrationFilter@5d4e3b20, org.springframework.security.web.context.SecurityContextPersistenceFilter@3f99d773, org.springframework.security.web.header.HeaderWriterFilter@3f97a93a, org.springframework.security.web.csrf.CsrfFilter@37952c62, org.springframework.security.web.authentication.logout.LogoutFilter@3d7a890e, org.springframework.security.web.authentication.UsernamePasswordAuthenticationFilter@3ecf69ac, org.springframework.security.web.savedrequest.RequestCacheAwareFilter@6c14b7e, org.springframework.security.web.servletapi.SecurityContextHolderAwareRequestFilter@647e1be7, org.springframework.security.web.authentication.rememberme.RememberMeAuthenticationFilter@5ebf3f37, org.springframework.security.web.authentication.AnonymousAuthenticationFilter@1809bb2c, org.springframework.security.web.session.SessionManagementFilter@34165d8b, org.springframework.security.web.access.ExceptionTranslationFilter@7c4d55ca, org.springframework.security.web.access.intercept.FilterSecurityInterceptor@4fa53397]
2022-04-18 16:45:48.787  INFO 12493 --- [restartedMain] o.s.b.a.w.s.WelcomePageHandlerMapping    : Adding welcome page template: index
2022-04-18 16:45:49.305  INFO 12493 --- [restartedMain] o.s.b.d.a.OptionalLiveReloadServer       : LiveReload server is running on port 35729
2022-04-18 16:45:49.333  INFO 12493 --- [restartedMain] o.s.b.w.embedded.tomcat.TomcatWebServer  : Tomcat started on port(s): 8080 (http) with context path '/RozemartAdmin'
2022-04-18 16:45:49.344  INFO 12493 --- [restartedMain] c.r.admin.RozemartBackEndApplication     : Started RozemartBackEndApplication in 6.229 seconds (JVM running for 6.981)
2022-04-18 16:46:24.352  INFO 12493 --- [Thread-5] j.LocalContainerEntityManagerFactoryBean : Closing JPA EntityManagerFactory for persistence unit 'default'
2022-04-18 16:46:24.355  INFO 12493 --- [Thread-5] com.zaxxer.hikari.HikariDataSource       : HikariPool-1 - Shutdown initiated...
2022-04-18 16:46:24.365  INFO 12493 --- [Thread-5] com.zaxxer.hikari.HikariDataSource       : HikariPool-1 - Shutdown completed.
